Arguments: 
  C:\Program Files\nodejs\node.exe C:\Program Files (x86)\Yarn\bin\yarn.js add @material-ui/icons/ExpandMore

PATH: 
  C:\Python39\Scripts\;C:\Python39\;C:\Program Files (x86)\Common Files\Oracle\Java\javapath;C:\Windows\system32;C:\Windows;C:\Windows\System32\Wbem;C:\Windows\System32\WindowsPowerShell\v1.0\;C:\Windows\System32\OpenSSH\;C:\Program Files\Intel\WiFi\bin\;C:\Program Files\Common Files\Intel\WirelessCommon\;C:\Program Files (x86)\Yarn\bin\;C:\MinGW\bin;C:\Program Files\Java\jdk-13\bin;C:\Users\tikoo\AppData\Local\Android\Sdk;C:\Program Files\Android\Android Studio\jre;C:\Android\tools\bin\platform-tools;C:\Users\tikoo\AppData\Roaming\Microsoft\Windows\Start Menu\Programs\Python 3.8;C:\Program Files (x86)\Intel\Intel(R) Management Engine Components\DAL;C:\Program Files\Intel\Intel(R) Management Engine Components\DAL;C:\Program Files\Git\cmd;C:\Program Files\nodejs\;C:\ProgramData\chocolatey\bin;C:\Program Files\MySQL\MySQL Shell 8.0\bin\;C:\Users\tikoo\AppData\Local\Programs\Python\Python36\Scripts\;C:\Users\tikoo\AppData\Local\Programs\Python\Python36\;C:\Users\tikoo\AppData\Local\Microsoft\WindowsApps;C:\Users\tikoo\AppData\Local\Yarn\bin;C:\MinGW\bin;C:\Users\tikoo\AppData\Local\Programs\Microsoft VS Code\bin;C:\Program Files\MariaDB 10.5\bin;;C:\Users\tikoo\AppData\Local\hyper\app-3.0.2\resources\bin;C:\Users\tikoo\AppData\Roaming\npm

Yarn version: 
  1.22.4

Node version: 
  14.15.4

Platform: 
  win32 x64

Trace: 
  Error: https://registry.yarnpkg.com/@material-ui%2ficons/ExpandMore: Request "https://registry.yarnpkg.com/@material-ui%2ficons/ExpandMore" returned a 405
      at Request.params.callback [as _callback] (C:\Program Files (x86)\Yarn\lib\cli.js:66105:18)
      at Request.self.callback (C:\Program Files (x86)\Yarn\lib\cli.js:140748:22)
      at Request.emit (events.js:315:20)
      at Request.<anonymous> (C:\Program Files (x86)\Yarn\lib\cli.js:141720:10)
      at Request.emit (events.js:315:20)
      at IncomingMessage.<anonymous> (C:\Program Files (x86)\Yarn\lib\cli.js:141642:12)
      at Object.onceWrapper (events.js:421:28)
      at IncomingMessage.emit (events.js:327:22)
      at endReadableNT (internal/streams/readable.js:1327:12)
      at processTicksAndRejections (internal/process/task_queues.js:80:21)

npm manifest: 
  No manifest

yarn manifest: 
  No manifest

Lockfile: 
  No lockfile
